0 info it worked if it ends with ok
1 verbose cli [ '/home/julienmoreau-mathis/local/bin/node',
1 verbose cli   '/home/julienmoreau-mathis/local/bin/npm',
1 verbose cli   'install',
1 verbose cli   'moment' ]
2 info using npm@1.1.65
3 info using node@v0.8.14
4 verbose read json /media/psf/Home/Desktop/Adversify/Adversify_Git/adversify/package.json
5 verbose read json /media/psf/Home/Desktop/Adversify/Adversify_Git/adversify/node_modules/express/package.json
6 verbose read json /media/psf/Home/Desktop/Adversify/Adversify_Git/adversify/node_modules/express-resource/package.json
7 verbose read json /media/psf/Home/Desktop/Adversify/Adversify_Git/adversify/node_modules/i18n/package.json
8 verbose read json /media/psf/Home/Desktop/Adversify/Adversify_Git/adversify/node_modules/jade/package.json
9 verbose read json /media/psf/Home/Desktop/Adversify/Adversify_Git/adversify/node_modules/mongoose/package.json
10 verbose read json /media/psf/Home/Desktop/Adversify/Adversify_Git/adversify/node_modules/pwd/package.json
11 verbose read json /media/psf/Home/Desktop/Adversify/Adversify_Git/adversify/node_modules/uinexpress/package.json
12 verbose read json /media/psf/Home/Desktop/Adversify/Adversify_Git/adversify/node_modules/underscore/package.json
13 verbose from cache /media/psf/Home/Desktop/Adversify/Adversify_Git/adversify/package.json
14 verbose readDependencies using package.json deps
15 verbose cache add [ 'moment', null ]
16 silly cache add name=undefined spec="moment" args=["moment",null]
17 verbose parsed url { pathname: 'moment', path: 'moment', href: 'moment' }
18 silly lockFile b56def36-moment moment
19 verbose lock moment /home/julienmoreau-mathis/.npm/b56def36-moment.lock
20 silly lockFile b56def36-moment moment
21 verbose addNamed [ 'moment', '' ]
22 verbose addNamed [ null, '' ]
23 silly lockFile 42aa250a-moment moment@
24 verbose lock moment@ /home/julienmoreau-mathis/.npm/42aa250a-moment.lock
25 silly addNameRange { name: 'moment', range: '', hasData: false }
26 verbose url raw moment
27 verbose url resolving [ 'https://registry.npmjs.org/', './moment' ]
28 verbose url resolved https://registry.npmjs.org/moment
29 info trying registry request attempt 1 at 10:47:58
30 http GET https://registry.npmjs.org/moment
31 info retry will retry, error on last attempt: Error: tunneling socket could not be established, cause=3074811648:error:140770FC:SSL routines:SSL23_GET_SERVER_HELLO:unknown protocol:../deps/openssl/openssl/ssl/s23_clnt.c:683:
32 info trying registry request attempt 2 at 10:48:08
33 http GET https://registry.npmjs.org/moment
34 info retry will retry, error on last attempt: Error: tunneling socket could not be established, cause=3074811648:error:140770FC:SSL routines:SSL23_GET_SERVER_HELLO:unknown protocol:../deps/openssl/openssl/ssl/s23_clnt.c:683:
35 info trying registry request attempt 3 at 10:49:08
36 http GET https://registry.npmjs.org/moment
37 silly lockFile 42aa250a-moment moment@
38 error Error: tunneling socket could not be established, cause=3074811648:error:140770FC:SSL routines:SSL23_GET_SERVER_HELLO:unknown protocol:../deps/openssl/openssl/ssl/s23_clnt.c:683:
38 error
38 error     at ClientRequest.onError (/home/julienmoreau-mathis/local/lib/node_modules/npm/node_modules/request/tunnel.js:161:17)
38 error     at ClientRequest.g (events.js:192:14)
38 error     at ClientRequest.EventEmitter.emit (events.js:96:17)
38 error     at CleartextStream.socketErrorListener (http.js:1331:9)
38 error     at CleartextStream.EventEmitter.emit (events.js:96:17)
38 error     at SecurePair.exports.connect.cleartext._controlReleased (tls.js:1298:15)
38 error     at SecurePair.EventEmitter.emit (events.js:96:17)
38 error     at SecurePair.error (tls.js:952:10)
38 error     at CleartextStream.CryptoStream._pull (tls.js:586:17)
38 error     at SecurePair.cycle (tls.js:873:20)
39 error If you need help, you may report this log at:
39 error     <http://github.com/isaacs/npm/issues>
39 error or email it to:
39 error     <npm-@googlegroups.com>
40 error System Linux 3.2.0-33-generic-pae
41 error command "/home/julienmoreau-mathis/local/bin/node" "/home/julienmoreau-mathis/local/bin/npm" "install" "moment"
42 error cwd /media/psf/Home/Desktop/Adversify/Adversify_Git/adversify
43 error node -v v0.8.14
44 error npm -v 1.1.65
45 error code ECONNRESET
46 verbose exit [ 1, true ]
